<?xml version="1.0" encoding="UTF-8"?>
<!-- Generated by org.testng.reporters.JUnitReportReporter -->
<testsuite skipped="0" hostname="DESKTOP-RDSDRH0" name="sdetProject.VerifyImageUrl" tests="1" failures="0" timestamp="2020-08-26T13:02:52 IST" time="0.125" errors="0">
  <testcase name="verifyHeaderImage" time="0.125" classname="sdetProject.VerifyImageUrl"/>
  <system-out/>
</testsuite> <!-- sdetProject.VerifyImageUrl -->
