<?xml version="1.0" encoding="UTF-8"?>
<!-- Generated by org.testng.reporters.JUnitReportReporter -->
<testsuite skipped="0" hostname="DESKTOP-RDSDRH0" name="sdetProject.JobPage" tests="1" failures="0" timestamp="2020-08-27T19:34:32 IST" time="2.801" errors="0">
  <testcase name="jobPage" time="2.801" classname="sdetProject.JobPage"/>
  <system-out/>
</testsuite> <!-- sdetProject.JobPage -->
