<?xml version="1.0" encoding="UTF-8"?>
<!-- Generated by org.testng.reporters.JUnitReportReporter -->
<testsuite skipped="0" hostname="DESKTOP-RDSDRH0" name="sdetProject.Activity1" tests="1" failures="0" timestamp="2020-08-26T10:41:55 IST" time="0.037" errors="0">
  <testcase name="verifyTitle" time="0.037" classname="sdetProject.Activity1"/>
  <system-out/>
</testsuite> <!-- sdetProject.Activity1 -->
